<?xml version="1.0" encoding="UTF-8"?>
<!-- Generated by org.testng.reporters.JUnitReportReporter -->
<testsuite hostname="DESKTOP-VNFG8E7" failures="0" tests="1" name="TesPck.TestRun" time="9.527" errors="0" timestamp="2025-01-27T10:44:08 IST" skipped="0">
  <testcase classname="TesPck.TestRun" name="checkDupliacteValuesInDropdown" time="9.527"/>
  <system-out/>
</testsuite> <!-- TesPck.TestRun -->
